#
# There is insufficient memory for the Java Runtime Environment to continue.
# Native memory allocation (mmap) failed to map 67108864 bytes for G1 virtual space
# Possible reasons:
#   The system is out of physical RAM or swap space
#   The process is running with CompressedOops enabled, and the Java Heap may be blocking the growth of the native heap
# Possible solutions:
#   Reduce memory load on the system
#   Increase physical memory or swap space
#   Check if swap backing store is full
#   Decrease Java heap size (-Xmx/-Xms)
#   Decrease number of Java threads
#   Decrease Java thread stack sizes (-Xss)
#   Set larger code cache with -XX:ReservedCodeCacheSize=
#   JVM is running with Unscaled Compressed Oops mode in which the Java heap is
#     placed in the first 4GB address space. The Java Heap base address is the
#     maximum limit for the native heap growth. Please use -XX:HeapBaseMinAddress
#     to set the Java Heap base and to place the Java Heap above 4GB virtual address.
# This output file may be truncated or incomplete.
#
#  Out of Memory Error (os_windows.cpp:3527), pid=20068, tid=20108
#
# JRE version:  (19.0.1+10) (build )
# Java VM: Java HotSpot(TM) 64-Bit Server VM (19.0.1+10-21, mixed mode, sharing, tiered, compressed oops, compressed class ptrs, g1 gc, windows-amd64)
# No core dump will be written. Minidumps are not enabled by default on client versions of Windows
#

---------------  S U M M A R Y ------------

Command Line: -Dfile.encoding=UTF-8 -XX:+ShowCodeDetailsInExceptionMessages soalmath.ControlNormal

Host: Intel(R) Core(TM) i3-7100U CPU @ 2.40GHz, 4 cores, 3G,  Windows 10 , 64 bit Build 19041 (10.0.19041.2364)
Time: Wed Dec 21 10:15:41 2022 Malay Peninsula Standard Time elapsed time: 0.030454 seconds (0d 0h 0m 0s)

---------------  T H R E A D  ---------------

Current thread (0x000001ee817d7fa0):  JavaThread "Unknown thread" [_thread_in_vm, id=20108, stack(0x000000bd1b800000,0x000000bd1b900000)]

Stack: [0x000000bd1b800000,0x000000bd1b900000]
Native frames: (J=compiled Java code, j=interpreted, Vv=VM code, C=native code)
V  [jvm.dll+0x6ee8fa]
V  [jvm.dll+0x857a1e]
V  [jvm.dll+0x85940e]
V  [jvm.dll+0x859ac3]
V  [jvm.dll+0x28291f]
V  [jvm.dll+0x6eb6e9]
V  [jvm.dll+0x6e028a]
V  [jvm.dll+0x357136]
V  [jvm.dll+0x35eb96]
V  [jvm.dll+0x3b555e]
V  [jvm.dll+0x3b578f]
V  [jvm.dll+0x32c6ea]
V  [jvm.dll+0x32d59e]
V  [jvm.dll+0x821b20]
V  [jvm.dll+0x3c27c1]
V  [jvm.dll+0x8022f1]
V  [jvm.dll+0x44b30f]
V  [jvm.dll+0x44cc91]
C  [jli.dll+0x5287]
C  [ucrtbase.dll+0x21bb2]
C  [KERNEL32.DLL+0x17614]
C  [ntdll.dll+0x526a1]


---------------  P R O C E S S  ---------------

Threads class SMR info:
_java_thread_list=0x00007ffcff9fd048, length=0, elements={
}

Java Threads: ( => current thread )

Other Threads:
  0x000001ee81819600 WorkerThread "GC Thread#0" [stack: 0x000000bd1b900000,0x000000bd1ba00000] [id=20112]
  0x000001ee81822b20 ConcurrentGCThread "G1 Main Marker" [stack: 0x000000bd1ba00000,0x000000bd1bb00000] [id=20116]
  0x000001ee81823550 WorkerThread "G1 Conc#0" [stack: 0x000000bd1bb00000,0x000000bd1bc00000] [id=20120]

[error occurred during error reporting (printing all threads), id 0xc0000005, EXCEPTION_ACCESS_VIOLATION (0xc0000005) at pc=0x00007ffcff1bd127]

VM state: not at safepoint (not fully initialized)

VM Mutex/Monitor currently owned by a thread:  ([mutex/lock_event])
[0x000001ee817d4930] Heap_lock - owner thread: 0x000001ee817d7fa0

Heap address: 0x00000000c1c00000, size: 996 MB, Compressed Oops mode: 32-bit

CDS archive(s) mapped at: [0x0000000000000000-0x0000000000000000-0x0000000000000000), size 0, SharedBaseAddress: 0x0000000800000000, ArchiveRelocationMode: 0.
Narrow klass base: 0x0000000000000000, Narrow klass shift: 0, Narrow klass range: 0x0

GC Precious Log:
 CardTable entry size: 512
 Card Set container configuration: InlinePtr #cards 5 size 8 Array Of Cards #cards 12 size 40 Howl #buckets 4 coarsen threshold 1843 Howl Bitmap #cards 512 size 80 coarsen threshold 460 Card regions per heap region 1 cards per card region 2048

Heap:
 garbage-first heap   total 0K, used 0K [0x00000000c1c00000, 0x0000000100000000)
  region size 1024K, 0 young (0K), 0 survivors (0K)

[error occurred during error reporting (printing heap information), id 0xc0000005, EXCEPTION_ACCESS_VIOLATION (0xc0000005) at pc=0x00007ffcff5c6959]

GC Heap History (0 events):
No events

Dll operation events (1 events):
Event: 0.011 Loaded shared library C:\Program Files\Java\jdk-19\bin\java.dll

Deoptimization events (0 events):
No events

Classes loaded (0 events):
No events

Classes unloaded (0 events):
No events

Classes redefined (0 events):
No events

Internal exceptions (0 events):
No events

VM Operations (0 events):
No events

Events (0 events):
No events


Dynamic libraries:
0x00007ff7a8c00000 - 0x00007ff7a8c10000 	C:\Program Files\Java\jdk-19\bin\javaw.exe
0x00007ffd3b3d0000 - 0x00007ffd3b5c8000 	C:\Windows\SYSTEM32\ntdll.dll
0x00007ffd39410000 - 0x00007ffd394cf000 	C:\Windows\System32\KERNEL32.DLL
0x00007ffd38c50000 - 0x00007ffd38f22000 	C:\Windows\System32\KERNELBASE.dll
0x00007ffd38ff0000 - 0x00007ffd390f0000 	C:\Windows\System32\ucrtbase.dll
0x00007ffd20bd0000 - 0x00007ffd20beb000 	C:\Program Files\Java\jdk-19\bin\VCRUNTIME140.dll
0x00007ffd25a80000 - 0x00007ffd25a98000 	C:\Program Files\Java\jdk-19\bin\jli.dll
0x00007ffd3a1a0000 - 0x00007ffd3a24e000 	C:\Windows\System32\ADVAPI32.dll
0x00007ffd39ef0000 - 0x00007ffd39f8e000 	C:\Windows\System32\msvcrt.dll
0x00007ffd3aea0000 - 0x00007ffd3af3c000 	C:\Windows\System32\sechost.dll
0x00007ffd39c60000 - 0x00007ffd39d85000 	C:\Windows\System32\RPCRT4.dll
0x00007ffd3acf0000 - 0x00007ffd3ae91000 	C:\Windows\System32\USER32.dll
0x00007ffd38c20000 - 0x00007ffd38c42000 	C:\Windows\System32\win32u.dll
0x00007ffd3a3e0000 - 0x00007ffd3a40b000 	C:\Windows\System32\GDI32.dll
0x00007ffd39300000 - 0x00007ffd3940f000 	C:\Windows\System32\gdi32full.dll
0x00007ffd391b0000 - 0x00007ffd3924d000 	C:\Windows\System32\msvcp_win.dll
0x00007ffd26b80000 - 0x00007ffd26e1a000 	C:\Windows\WinSxS\amd64_microsoft.windows.common-controls_6595b64144ccf1df_6.0.19041.1110_none_60b5254171f9507e\COMCTL32.dll
0x00007ffd33bd0000 - 0x00007ffd33bda000 	C:\Windows\SYSTEM32\VERSION.dll
0x00007ffd3af40000 - 0x00007ffd3af72000 	C:\Windows\System32\IMM32.DLL
0x00007ffd33ce0000 - 0x00007ffd33cec000 	C:\Program Files\Java\jdk-19\bin\vcruntime140_1.dll
0x00007ffd156f0000 - 0x00007ffd1577e000 	C:\Program Files\Java\jdk-19\bin\msvcp140.dll
0x00007ffcfee80000 - 0x00007ffcffb40000 	C:\Program Files\Java\jdk-19\bin\server\jvm.dll
0x00007ffd2dee0000 - 0x00007ffd2dee9000 	C:\Windows\SYSTEM32\WSOCK32.dll
0x00007ffd399e0000 - 0x00007ffd39a4b000 	C:\Windows\System32\WS2_32.dll
0x00007ffd1e4e0000 - 0x00007ffd1e507000 	C:\Windows\SYSTEM32\WINMM.dll
0x00007ffd37360000 - 0x00007ffd37372000 	C:\Windows\SYSTEM32\kernel.appcore.dll
0x00007ffd33270000 - 0x00007ffd3327a000 	C:\Program Files\Java\jdk-19\bin\jimage.dll
0x00007ffd36830000 - 0x00007ffd36a14000 	C:\Windows\SYSTEM32\DBGHELP.DLL
0x00007ffd30e80000 - 0x00007ffd30eb5000 	C:\Windows\SYSTEM32\dbgcore.DLL
0x00007ffd39120000 - 0x00007ffd391a2000 	C:\Windows\System32\bcryptPrimitives.dll
0x00007ffd20b90000 - 0x00007ffd20bb6000 	C:\Program Files\Java\jdk-19\bin\java.dll

dbghelp: loaded successfully - version: 4.0.5 - missing functions: none
symbol engine: initialized successfully - sym options: 0x614 - pdb path: .;C:\Program Files\Java\jdk-19\bin;C:\Windows\SYSTEM32;C:\Windows\WinSxS\amd64_microsoft.windows.common-controls_6595b64144ccf1df_6.0.19041.1110_none_60b5254171f9507e;C:\Program Files\Java\jdk-19\bin\server

VM Arguments:
jvm_args: -Dfile.encoding=UTF-8 -XX:+ShowCodeDetailsInExceptionMessages 
java_command: soalmath.ControlNormal
java_class_path (initial): C:\Users\ASUS\eclipse-workspace\soalmath\bin;C:\Users\ASUS\eclipse-workspace\soalmath\miglayout15-swing.jar
Launcher Type: SUN_STANDARD

[Global flags]
     intx CICompilerCount                          = 3                                         {product} {ergonomic}
     uint ConcGCThreads                            = 1                                         {product} {ergonomic}
     uint G1ConcRefinementThreads                  = 4                                         {product} {ergonomic}
   size_t G1HeapRegionSize                         = 1048576                                   {product} {ergonomic}
    uintx GCDrainStackTargetSize                   = 64                                        {product} {ergonomic}
   size_t InitialHeapSize                          = 67108864                                  {product} {ergonomic}
   size_t MarkStackSize                            = 4194304                                   {product} {ergonomic}
   size_t MaxHeapSize                              = 1044381696                                {product} {ergonomic}
   size_t MinHeapDeltaBytes                        = 1048576                                   {product} {ergonomic}
   size_t MinHeapSize                              = 8388608                                   {product} {ergonomic}
    uintx NonNMethodCodeHeapSize                   = 5832780                                {pd product} {ergonomic}
    uintx NonProfiledCodeHeapSize                  = 122912730                              {pd product} {ergonomic}
    uintx ProfiledCodeHeapSize                     = 122912730                              {pd product} {ergonomic}
    uintx ReservedCodeCacheSize                    = 251658240                              {pd product} {ergonomic}
     bool SegmentedCodeCache                       = true                                      {product} {ergonomic}
     bool ShowCodeDetailsInExceptionMessages       = true                                   {manageable} {command line}
   size_t SoftMaxHeapSize                          = 1044381696                             {manageable} {ergonomic}
     bool UseCompressedClassPointers               = true                           {product lp64_product} {ergonomic}
     bool UseCompressedOops                        = true                           {product lp64_product} {ergonomic}
     bool UseG1GC                                  = true                                      {product} {ergonomic}
     bool UseLargePagesIndividualAllocation        = false                                  {pd product} {ergonomic}

Logging:
Log output configuration:
 #0: stdout all=warning uptime,level,tags foldmultilines=false
 #1: stderr all=off uptime,level,tags foldmultilines=false

Environment Variables:
PATH=C:/Program Files/Java/jdk-19/bin/server;C:/Program Files/Java/jdk-19/bin;C:\Program Files\Java\jdk-19\bin;C:\opencv\build\bin;C:\Program Files\Go\bin;C:\Program Files (x86)\Common Files\Intel\Shared Libraries\redist\intel64\compiler;C:\Windows\system32;C:\Windows;C:\Windows\System32\Wbem;C:\Windows\System32\WindowsPowerShell\v1.0\;C:\Windows\System32\OpenSSH\;C:\Program Files\Java\jdk-19\bin;C:\opencv\build\bin;C:\Users\ASUS\go\bin;C:\Users\ASUS\AppData\Local\Microsoft\WindowsApps;C:\Users\ASUS\AppData\Local\Programs\Microsoft VS Code\bin;;C:\Windows\system32;
USERNAME=ASUS
OS=Windows_NT
PROCESSOR_IDENTIFIER=Intel64 Family 6 Model 142 Stepping 9, GenuineIntel
TMP=C:\Users\ASUS\AppData\Local\Temp
TEMP=C:\Users\ASUS\AppData\Local\Temp



---------------  S Y S T E M  ---------------

OS:
 Windows 10 , 64 bit Build 19041 (10.0.19041.2364)
OS uptime: 6 days 0:39 hours

CPU: total 4 (initial active 4) (2 cores per cpu, 2 threads per core) family 6 model 142 stepping 9 microcode 0xb4, cx8, cmov, fxsr, ht, mmx, 3dnowpref, sse, sse2, sse3, ssse3, sse4.1, sse4.2, popcnt, lzcnt, tsc, tscinvbit, avx, avx2, aes, erms, clmul, bmi1, bmi2, adx, fma, vzeroupper, clflush, clflushopt, rdtscp

Memory: 4k page, system-wide physical 3981M (336M free)
TotalPageFile size 16269M (AvailPageFile size 45M)
current process WorkingSet (physical memory assigned to process): 10M, peak: 10M
current process commit charge ("private bytes"): 51M, peak: 115M

vm_info: Java HotSpot(TM) 64-Bit Server VM (19.0.1+10-21) for windows-amd64 JRE (19.0.1+10-21), built on 2022-09-14T12:45:06Z by "mach5one" with MS VC++ 17.1 (VS2022)

END.
